<MagicMock name='datetime.utcnow().isoformat()' id='139923234456208'> | [NLU] "покажи аптайм" → "uptime"
<MagicMock name='datetime.utcnow().isoformat()' id='139923234456208'> | [NLU] "покажи аптайм" → "uptime"
<MagicMock name='datetime.utcnow().isoformat()' id='139923234280112'> | [NLU] "что-то пошло не так" → "error_command"
2024-01-01T12:00:00+00:00 | [NLU] "покажи аптайм" → "uptime"
2024-01-01T12:00:00+00:00 | [NLU] "покажи аптайм" → "uptime"
2024-01-01T12:01:05+00:00 | [NLU] "покажи аптайм" → "uptime"
2024-01-01T12:00:00+00:00 | [NLU] "что-то пошло не так" → "error_command"
2024-01-01T12:00:00+00:00 | [NLU] "покажи аптайм" → "uptime"
2024-01-01T12:00:00+00:00 | [NLU] "покажи аптайм" → "uptime"
2024-01-01T12:01:05+00:00 | [NLU] "покажи аптайм" → "uptime"
2024-01-01T12:00:00+00:00 | [NLU] "что-то пошло не так" → "error_command"
2024-01-01T12:00:00+00:00 | [NLU] "покажи аптайм" → "uptime"
2024-01-01T12:00:00+00:00 | [NLU] "покажи аптайм" → "uptime"
2024-01-01T12:01:05+00:00 | [NLU] "покажи аптайм" → "uptime"
2024-01-01T12:00:00+00:00 | [NLU] "что-то пошло не так" → "error_command"
2024-01-01T12:00:00+00:00 | [NLU] "покажи аптайм" → "uptime"
2024-01-01T12:00:00+00:00 | [NLU] "покажи аптайм" → "uptime"
2024-01-01T12:01:05+00:00 | [NLU] "покажи аптайм" → "uptime"
2024-01-01T12:00:00+00:00 | [NLU] "что-то пошло не так" → "error_command"
2024-01-01T12:00:00+00:00 | [NLU] "какое сегодня число" → "date"
2024-01-01T12:00:00+00:00 | [NLU] "какое сегодня число" → "date"
2024-01-01T12:00:00+00:00 | [NLU] "сколько памяти" → "free -m"
2024-01-01T12:00:00+00:00 | [NLU] "сколько памяти" → "free -m"
2024-01-01T12:00:00+00:00 | [NLU] "дай аптайм подробно" → "uptime -p"
2024-01-01T12:00:00+00:00 | [NLU] "дай аптайм подробно" → "uptime -p"
2024-01-01T12:00:00+00:00 | [NLU] "кто я такой" → "whoami"
2024-01-01T12:00:00+00:00 | [NLU] "кто я такой" → "whoami"
